2020-05-30 20:24:52.540  INFO 11956 --- [restartedMain] l.m.community.CommunityApplication       : Starting CommunityApplication on Liulei-PC with PID 11956 (started by 91079 in D:\Spring Boot-community)
2020-05-30 20:24:52.543  INFO 11956 --- [restartedMain] l.m.community.CommunityApplication       : No active profile set, falling back to default profiles: default
2020-05-30 20:24:52.601  INFO 11956 --- [restartedMain] .e.DevToolsPropertyDefaultsPostProcessor : Devtools property defaults active! Set 'spring.devtools.add-properties' to 'false' to disable
2020-05-30 20:24:52.601  INFO 11956 --- [restartedMain] .e.DevToolsPropertyDefaultsPostProcessor : For additional web related logging consider setting the 'logging.level.web' property to 'DEBUG'
2020-05-30 20:24:54.383  INFO 11956 --- [restartedMain] o.s.b.w.embedded.tomcat.TomcatWebServer  : Tomcat initialized with port(s): 8887 (http)
2020-05-30 20:24:54.413  INFO 11956 --- [restartedMain] o.apache.catalina.core.StandardService   : Starting service [Tomcat]
2020-05-30 20:24:54.413  INFO 11956 --- [restartedMain] org.apache.catalina.core.StandardEngine  : Starting Servlet engine: [Apache Tomcat/9.0.17]
2020-05-30 20:24:54.513  INFO 11956 --- [restartedMain] o.a.c.c.C.[Tomcat].[localhost].[/]       : Initializing Spring embedded WebApplicationContext
2020-05-30 20:24:54.526  INFO 11956 --- [restartedMain] o.s.web.context.ContextLoader            : Root WebApplicationContext: initialization completed in 1923 ms
2020-05-30 20:24:56.007  INFO 11956 --- [restartedMain] o.s.s.concurrent.ThreadPoolTaskExecutor  : Initializing ExecutorService 'applicationTaskExecutor'
2020-05-30 20:24:56.174  INFO 11956 --- [restartedMain] o.s.b.a.w.s.WelcomePageHandlerMapping    : Adding welcome page template: index
2020-05-30 20:24:56.303  INFO 11956 --- [restartedMain] o.s.s.c.ThreadPoolTaskScheduler          : Initializing ExecutorService 'taskScheduler'
2020-05-30 20:24:56.393  INFO 11956 --- [restartedMain] o.s.b.d.a.OptionalLiveReloadServer       : LiveReload server is running on port 35729
2020-05-30 20:24:56.423  INFO 11956 --- [scheduling-1] l.m.community.schedule.HotTagTasks       : hotTagSchedule start Sat May 30 20:24:56 CST 2020
2020-05-30 20:24:56.459  INFO 11956 --- [scheduling-1] com.zaxxer.hikari.HikariDataSource       : HikariPool-1 - Starting...
2020-05-30 20:24:56.465  INFO 11956 --- [restartedMain] o.s.b.w.embedded.tomcat.TomcatWebServer  : Tomcat started on port(s): 8887 (http) with context path ''
2020-05-30 20:24:56.470  INFO 11956 --- [restartedMain] l.m.community.CommunityApplication       : Started CommunityApplication in 4.306 seconds (JVM running for 7.408)
2020-05-30 20:24:56.589  INFO 11956 --- [scheduling-1] com.zaxxer.hikari.HikariDataSource       : HikariPool-1 - Start completed.
2020-05-30 20:24:56.619  INFO 11956 --- [scheduling-1] l.m.community.schedule.HotTagTasks       : hotTagSchedule stop Sat May 30 20:24:56 CST 2020
2020-05-30 20:25:11.921  INFO 11956 --- [http-nio-8887-exec-1] o.a.c.c.C.[Tomcat].[localhost].[/]       : Initializing Spring DispatcherServlet 'dispatcherServlet'
2020-05-30 20:25:11.921  INFO 11956 --- [http-nio-8887-exec-1] o.s.web.servlet.DispatcherServlet        : Initializing Servlet 'dispatcherServlet'
2020-05-30 20:25:11.930  INFO 11956 --- [http-nio-8887-exec-1] o.s.web.servlet.DispatcherServlet        : Completed initialization in 8 ms
2020-05-30 20:26:42.227  WARN 11956 --- [http-nio-8887-exec-2] o.a.c.util.SessionIdGeneratorBase        : Creation of SecureRandom instance for session ID generation using [SHA1PRNG] took [694] milliseconds.
2020-05-30 20:29:32.015 ERROR 11956 --- [http-nio-8887-exec-3] l.m.community.provider.GithubProvider    : getUser error,913fe406861698c2e5ea4a9fac4baf7a604c1f02

java.net.SocketException: Connection reset
	at java.base/java.net.SocketInputStream.read(SocketInputStream.java:210) ~[na:na]
	at java.base/java.net.SocketInputStream.read(SocketInputStream.java:141) ~[na:na]
	at java.base/sun.security.ssl.SSLSocketInputRecord.read(SSLSocketInputRecord.java:425) ~[na:na]
	at java.base/sun.security.ssl.SSLSocketInputRecord.decode(SSLSocketInputRecord.java:154) ~[na:na]
	at java.base/sun.security.ssl.SSLSocketImpl.readRecord(SSLSocketImpl.java:1031) ~[na:na]
	at java.base/sun.security.ssl.SSLSocketImpl.readRecord(SSLSocketImpl.java:973) ~[na:na]
	at java.base/sun.security.ssl.SSLSocketImpl.performInitialHandshake(SSLSocketImpl.java:1402) ~[na:na]
	at java.base/sun.security.ssl.SSLSocketImpl.startHandshake(SSLSocketImpl.java:1429) ~[na:na]
	at java.base/sun.security.ssl.SSLSocketImpl.startHandshake(SSLSocketImpl.java:1413) ~[na:na]
	at okhttp3.internal.connection.RealConnection.connectTls(RealConnection.java:336) ~[okhttp-3.14.1.jar:na]
	at okhttp3.internal.connection.RealConnection.establishProtocol(RealConnection.java:300) ~[okhttp-3.14.1.jar:na]
	at okhttp3.internal.connection.RealConnection.connect(RealConnection.java:185) ~[okhttp-3.14.1.jar:na]
	at okhttp3.internal.connection.ExchangeFinder.findConnection(ExchangeFinder.java:224) ~[okhttp-3.14.1.jar:na]
	at okhttp3.internal.connection.ExchangeFinder.findHealthyConnection(ExchangeFinder.java:107) ~[okhttp-3.14.1.jar:na]
	at okhttp3.internal.connection.ExchangeFinder.find(ExchangeFinder.java:87) ~[okhttp-3.14.1.jar:na]
	at okhttp3.internal.connection.Transmitter.newExchange(Transmitter.java:169) ~[okhttp-3.14.1.jar:na]
	at okhttp3.internal.connection.ConnectInterceptor.intercept(ConnectInterceptor.java:41) ~[okhttp-3.14.1.jar:na]
	at okhttp3.internal.http.RealInterceptorChain.proceed(RealInterceptorChain.java:142) ~[okhttp-3.14.1.jar:na]
	at okhttp3.internal.http.RealInterceptorChain.proceed(RealInterceptorChain.java:117) ~[okhttp-3.14.1.jar:na]
	at okhttp3.internal.cache.CacheInterceptor.intercept(CacheInterceptor.java:94) ~[okhttp-3.14.1.jar:na]
	at okhttp3.internal.http.RealInterceptorChain.proceed(RealInterceptorChain.java:142) ~[okhttp-3.14.1.jar:na]
	at okhttp3.internal.http.RealInterceptorChain.proceed(RealInterceptorChain.java:117) ~[okhttp-3.14.1.jar:na]
	at okhttp3.internal.http.BridgeInterceptor.intercept(BridgeInterceptor.java:93) ~[okhttp-3.14.1.jar:na]
	at okhttp3.internal.http.RealInterceptorChain.proceed(RealInterceptorChain.java:142) ~[okhttp-3.14.1.jar:na]
	at okhttp3.internal.http.RetryAndFollowUpInterceptor.intercept(RetryAndFollowUpInterceptor.java:88) ~[okhttp-3.14.1.jar:na]
	at okhttp3.internal.http.RealInterceptorChain.proceed(RealInterceptorChain.java:142) ~[okhttp-3.14.1.jar:na]
	at okhttp3.internal.http.RealInterceptorChain.proceed(RealInterceptorChain.java:117) ~[okhttp-3.14.1.jar:na]
	at okhttp3.RealCall.getResponseWithInterceptorChain(RealCall.java:221) ~[okhttp-3.14.1.jar:na]
	at okhttp3.RealCall.execute(RealCall.java:81) ~[okhttp-3.14.1.jar:na]
	at life.majiang.community.provider.GithubProvider.getUser(GithubProvider.java:42) ~[classes/:na]
	at life.majiang.community.controller.AuthorizeController.callback(AuthorizeController.java:53) [classes/:na]
	at java.base/jdk.internal.reflect.NativeMethodAccessorImpl.invoke0(Native Method) ~[na:na]
	at java.base/jdk.internal.reflect.NativeMethodAccessorImpl.invoke(NativeMethodAccessorImpl.java:62) ~[na:na]
	at java.base/jdk.internal.reflect.DelegatingMethodAccessorImpl.invoke(DelegatingMethodAccessorImpl.java:43) ~[na:na]
	at java.base/java.lang.reflect.Method.invoke(Method.java:564) ~[na:na]
	at org.springframework.web.method.support.InvocableHandlerMethod.doInvoke(InvocableHandlerMethod.java:189) [spring-web-5.1.6.RELEASE.jar:5.1.6.RELEASE]
	at org.springframework.web.method.support.InvocableHandlerMethod.invokeForRequest(InvocableHandlerMethod.java:138) [spring-web-5.1.6.RELEASE.jar:5.1.6.RELEASE]
	at org.springframework.web.servlet.mvc.method.annotation.ServletInvocableHandlerMethod.invokeAndHandle(ServletInvocableHandlerMethod.java:102) [spring-webmvc-5.1.6.RELEASE.jar:5.1.6.RELEASE]
	at org.springframework.web.servlet.mvc.method.annotation.RequestMappingHandlerAdapter.invokeHandlerMethod(RequestMappingHandlerAdapter.java:892) [spring-webmvc-5.1.6.RELEASE.jar:5.1.6.RELEASE]
	at org.springframework.web.servlet.mvc.method.annotation.RequestMappingHandlerAdapter.handleInternal(RequestMappingHandlerAdapter.java:797) [spring-webmvc-5.1.6.RELEASE.jar:5.1.6.RELEASE]
	at org.springframework.web.servlet.mvc.method.AbstractHandlerMethodAdapter.handle(AbstractHandlerMethodAdapter.java:87) [spring-webmvc-5.1.6.RELEASE.jar:5.1.6.RELEASE]
	at org.springframework.web.servlet.DispatcherServlet.doDispatch(DispatcherServlet.java:1038) [spring-webmvc-5.1.6.RELEASE.jar:5.1.6.RELEASE]
	at org.springframework.web.servlet.DispatcherServlet.doService(DispatcherServlet.java:942) [spring-webmvc-5.1.6.RELEASE.jar:5.1.6.RELEASE]
	at org.springframework.web.servlet.FrameworkServlet.processRequest(FrameworkServlet.java:1005) [spring-webmvc-5.1.6.RELEASE.jar:5.1.6.RELEASE]
	at org.springframework.web.servlet.FrameworkServlet.doGet(FrameworkServlet.java:897) [spring-webmvc-5.1.6.RELEASE.jar:5.1.6.RELEASE]
	at javax.servlet.http.HttpServlet.service(HttpServlet.java:634) [tomcat-embed-core-9.0.17.jar:9.0.17]
	at org.springframework.web.servlet.FrameworkServlet.service(FrameworkServlet.java:882) [spring-webmvc-5.1.6.RELEASE.jar:5.1.6.RELEASE]
	at javax.servlet.http.HttpServlet.service(HttpServlet.java:741) [tomcat-embed-core-9.0.17.jar:9.0.17]
	at org.apache.catalina.core.ApplicationFilterChain.internalDoFilter(ApplicationFilterChain.java:231) [tomcat-embed-core-9.0.17.jar:9.0.17]
	at org.apache.catalina.core.ApplicationFilterChain.doFilter(ApplicationFilterChain.java:166) [tomcat-embed-core-9.0.17.jar:9.0.17]
	at org.apache.tomcat.websocket.server.WsFilter.doFilter(WsFilter.java:53) [tomcat-embed-websocket-9.0.17.jar:9.0.17]
	at org.apache.catalina.core.ApplicationFilterChain.internalDoFilter(ApplicationFilterChain.java:193) [tomcat-embed-core-9.0.17.jar:9.0.17]
	at org.apache.catalina.core.ApplicationFilterChain.doFilter(ApplicationFilterChain.java:166) [tomcat-embed-core-9.0.17.jar:9.0.17]
	at org.springframework.web.filter.RequestContextFilter.doFilterInternal(RequestContextFilter.java:99) [spring-web-5.1.6.RELEASE.jar:5.1.6.RELEASE]
	at org.springframework.web.filter.OncePerRequestFilter.doFilter(OncePerRequestFilter.java:107) [spring-web-5.1.6.RELEASE.jar:5.1.6.RELEASE]
	at org.apache.catalina.core.ApplicationFilterChain.internalDoFilter(ApplicationFilterChain.java:193) [tomcat-embed-core-9.0.17.jar:9.0.17]
	at org.apache.catalina.core.ApplicationFilterChain.doFilter(ApplicationFilterChain.java:166) [tomcat-embed-core-9.0.17.jar:9.0.17]
	at org.springframework.web.filter.FormContentFilter.doFilterInternal(FormContentFilter.java:92) [spring-web-5.1.6.RELEASE.jar:5.1.6.RELEASE]
	at org.springframework.web.filter.OncePerRequestFilter.doFilter(OncePerRequestFilter.java:107) [spring-web-5.1.6.RELEASE.jar:5.1.6.RELEASE]
	at org.apache.catalina.core.ApplicationFilterChain.internalDoFilter(ApplicationFilterChain.java:193) [tomcat-embed-core-9.0.17.jar:9.0.17]
	at org.apache.catalina.core.ApplicationFilterChain.doFilter(ApplicationFilterChain.java:166) [tomcat-embed-core-9.0.17.jar:9.0.17]
	at org.springframework.web.filter.HiddenHttpMethodFilter.doFilterInternal(HiddenHttpMethodFilter.java:93) [spring-web-5.1.6.RELEASE.jar:5.1.6.RELEASE]
	at org.springframework.web.filter.OncePerRequestFilter.doFilter(OncePerRequestFilter.java:107) [spring-web-5.1.6.RELEASE.jar:5.1.6.RELEASE]
	at org.apache.catalina.core.ApplicationFilterChain.internalDoFilter(ApplicationFilterChain.java:193) [tomcat-embed-core-9.0.17.jar:9.0.17]
	at org.apache.catalina.core.ApplicationFilterChain.doFilter(ApplicationFilterChain.java:166) [tomcat-embed-core-9.0.17.jar:9.0.17]
	at org.springframework.web.filter.CharacterEncodingFilter.doFilterInternal(CharacterEncodingFilter.java:200) [spring-web-5.1.6.RELEASE.jar:5.1.6.RELEASE]
	at org.springframework.web.filter.OncePerRequestFilter.doFilter(OncePerRequestFilter.java:107) [spring-web-5.1.6.RELEASE.jar:5.1.6.RELEASE]
	at org.apache.catalina.core.ApplicationFilterChain.internalDoFilter(ApplicationFilterChain.java:193) [tomcat-embed-core-9.0.17.jar:9.0.17]
	at org.apache.catalina.core.ApplicationFilterChain.doFilter(ApplicationFilterChain.java:166) [tomcat-embed-core-9.0.17.jar:9.0.17]
	at org.apache.catalina.core.StandardWrapperValve.invoke(StandardWrapperValve.java:200) [tomcat-embed-core-9.0.17.jar:9.0.17]
	at org.apache.catalina.core.StandardContextValve.invoke(StandardContextValve.java:96) [tomcat-embed-core-9.0.17.jar:9.0.17]
	at org.apache.catalina.authenticator.AuthenticatorBase.invoke(AuthenticatorBase.java:490) [tomcat-embed-core-9.0.17.jar:9.0.17]
	at org.apache.catalina.core.StandardHostValve.invoke(StandardHostValve.java:139) [tomcat-embed-core-9.0.17.jar:9.0.17]
	at org.apache.catalina.valves.ErrorReportValve.invoke(ErrorReportValve.java:92) [tomcat-embed-core-9.0.17.jar:9.0.17]
	at org.apache.catalina.core.StandardEngineValve.invoke(StandardEngineValve.java:74) [tomcat-embed-core-9.0.17.jar:9.0.17]
	at org.apache.catalina.connector.CoyoteAdapter.service(CoyoteAdapter.java:343) [tomcat-embed-core-9.0.17.jar:9.0.17]
	at org.apache.coyote.http11.Http11Processor.service(Http11Processor.java:408) [tomcat-embed-core-9.0.17.jar:9.0.17]
	at org.apache.coyote.AbstractProcessorLight.process(AbstractProcessorLight.java:66) [tomcat-embed-core-9.0.17.jar:9.0.17]
	at org.apache.coyote.AbstractProtocol$ConnectionHandler.process(AbstractProtocol.java:834) [tomcat-embed-core-9.0.17.jar:9.0.17]
	at org.apache.tomcat.util.net.NioEndpoint$SocketProcessor.doRun(NioEndpoint.java:1415) [tomcat-embed-core-9.0.17.jar:9.0.17]
	at org.apache.tomcat.util.net.SocketProcessorBase.run(SocketProcessorBase.java:49) [tomcat-embed-core-9.0.17.jar:9.0.17]
	at java.base/java.util.concurrent.ThreadPoolExecutor.runWorker(ThreadPoolExecutor.java:1135) [na:na]
	at java.base/java.util.concurrent.ThreadPoolExecutor$Worker.run(ThreadPoolExecutor.java:635) [na:na]
	at org.apache.tomcat.util.threads.TaskThread$WrappingRunnable.run(TaskThread.java:61) [tomcat-embed-core-9.0.17.jar:9.0.17]
	at java.base/java.lang.Thread.run(Thread.java:844) [na:na]

2020-05-30 20:29:32.016 ERROR 11956 --- [http-nio-8887-exec-3] l.m.c.controller.AuthorizeController     : callback get github error,null
2020-05-30 20:30:19.492  INFO 11956 --- [Thread-8] o.s.s.c.ThreadPoolTaskScheduler          : Shutting down ExecutorService 'taskScheduler'
2020-05-30 20:30:19.511  INFO 11956 --- [Thread-8] o.s.s.concurrent.ThreadPoolTaskExecutor  : Shutting down ExecutorService 'applicationTaskExecutor'
2020-05-30 20:30:19.512  INFO 11956 --- [Thread-8] com.zaxxer.hikari.HikariDataSource       : HikariPool-1 - Shutdown initiated...
2020-05-30 20:30:19.517  INFO 11956 --- [Thread-8] com.zaxxer.hikari.HikariDataSource       : HikariPool-1 - Shutdown completed.
